components/Dashboard.test.tsx(3,23): error TS2307: Cannot find module './Dashboard' or its corresponding type declarations.
components/Dashboard.test.tsx(4,26): error TS2307: Cannot find module '../types' or its corresponding type declarations.
components/Dashboard.test.tsx(5,33): error TS2307: Cannot find module '../App' or its corresponding type declarations.
components/Dashboard.test.tsx(6,34): error TS2307: Cannot find module '../constants' or its corresponding type declarations.
cypress/e2e/dashboard.cy.ts(1,1): error TS2593: Cannot find name 'describe'. Do you need to install type definitions for a test runner? Try `npm i --save-dev @types/jest` or `npm i --save-dev @types/mocha` and then add 'jest' or 'mocha' to the types field in your tsconfig.
cypress/e2e/dashboard.cy.ts(2,5): error TS2304: Cannot find name 'beforeEach'.
cypress/e2e/dashboard.cy.ts(4,9): error TS2304: Cannot find name 'cy'.
cypress/e2e/dashboard.cy.ts(5,9): error TS2304: Cannot find name 'cy'.
cypress/e2e/dashboard.cy.ts(6,9): error TS2304: Cannot find name 'cy'.
cypress/e2e/dashboard.cy.ts(7,9): error TS2304: Cannot find name 'cy'.
cypress/e2e/dashboard.cy.ts(10,9): error TS2304: Cannot find name 'cy'.
cypress/e2e/dashboard.cy.ts(13,5): error TS2593: Cannot find name 'it'. Do you need to install type definitions for a test runner? Try `npm i --save-dev @types/jest` or `npm i --save-dev @types/mocha` and then add 'jest' or 'mocha' to the types field in your tsconfig.
cypress/e2e/dashboard.cy.ts(14,9): error TS2304: Cannot find name 'cy'.
cypress/e2e/dashboard.cy.ts(15,9): error TS2304: Cannot find name 'cy'.
cypress/e2e/dashboard.cy.ts(16,9): error TS2304: Cannot find name 'cy'.
cypress/e2e/dashboard.cy.ts(17,9): error TS2304: Cannot find name 'cy'.
cypress/e2e/dashboard.cy.ts(20,5): error TS2593: Cannot find name 'it'. Do you need to install type definitions for a test runner? Try `npm i --save-dev @types/jest` or `npm i --save-dev @types/mocha` and then add 'jest' or 'mocha' to the types field in your tsconfig.
cypress/e2e/dashboard.cy.ts(21,9): error TS2304: Cannot find name 'cy'.
cypress/e2e/dashboard.cy.ts(23,9): error TS2304: Cannot find name 'cy'.
cypress/e2e/dashboard.cy.ts(24,9): error TS2304: Cannot find name 'cy'.
cypress/e2e/dashboard.cy.ts(27,5): error TS2593: Cannot find name 'it'. Do you need to install type definitions for a test runner? Try `npm i --save-dev @types/jest` or `npm i --save-dev @types/mocha` and then add 'jest' or 'mocha' to the types field in your tsconfig.
cypress/e2e/dashboard.cy.ts(28,9): error TS2304: Cannot find name 'cy'.
cypress/e2e/dashboard.cy.ts(30,9): error TS2304: Cannot find name 'cy'.
cypress/e2e/dashboard.cy.ts(33,5): error TS2593: Cannot find name 'it'. Do you need to install type definitions for a test runner? Try `npm i --save-dev @types/jest` or `npm i --save-dev @types/mocha` and then add 'jest' or 'mocha' to the types field in your tsconfig.
cypress/e2e/dashboard.cy.ts(35,9): error TS2304: Cannot find name 'cy'.
cypress/e2e/dashboard.cy.ts(39,9): error TS2304: Cannot find name 'cy'.
cypress/e2e/dashboard.cy.ts(43,9): error TS2304: Cannot find name 'cy'.
cypress/e2e/goals.cy.ts(1,1): error TS2593: Cannot find name 'describe'. Do you need to install type definitions for a test runner? Try `npm i --save-dev @types/jest` or `npm i --save-dev @types/mocha` and then add 'jest' or 'mocha' to the types field in your tsconfig.
cypress/e2e/goals.cy.ts(2,5): error TS2304: Cannot find name 'beforeEach'.
cypress/e2e/goals.cy.ts(4,9): error TS2304: Cannot find name 'cy'.
cypress/e2e/goals.cy.ts(8,9): error TS2304: Cannot find name 'cy'.
cypress/e2e/goals.cy.ts(9,9): error TS2304: Cannot find name 'cy'.
cypress/e2e/goals.cy.ts(10,9): error TS2304: Cannot find name 'cy'.
cypress/e2e/goals.cy.ts(13,9): error TS2304: Cannot find name 'cy'.
cypress/e2e/goals.cy.ts(14,9): error TS2304: Cannot find name 'cy'.
cypress/e2e/goals.cy.ts(17,5): error TS2593: Cannot find name 'it'. Do you need to install type definitions for a test runner? Try `npm i --save-dev @types/jest` or `npm i --save-dev @types/mocha` and then add 'jest' or 'mocha' to the types field in your tsconfig.
cypress/e2e/goals.cy.ts(18,9): error TS2304: Cannot find name 'cy'.
cypress/e2e/goals.cy.ts(19,9): error TS2304: Cannot find name 'cy'.
cypress/e2e/goals.cy.ts(20,9): error TS2304: Cannot find name 'cy'.
cypress/e2e/goals.cy.ts(21,9): error TS2304: Cannot find name 'cy'.
cypress/e2e/goals.cy.ts(24,5): error TS2593: Cannot find name 'it'. Do you need to install type definitions for a test runner? Try `npm i --save-dev @types/jest` or `npm i --save-dev @types/mocha` and then add 'jest' or 'mocha' to the types field in your tsconfig.
cypress/e2e/goals.cy.ts(28,9): error TS2304: Cannot find name 'cy'.
cypress/e2e/goals.cy.ts(31,9): error TS2304: Cannot find name 'cy'.
cypress/e2e/goals.cy.ts(32,9): error TS2304: Cannot find name 'cy'.
cypress/e2e/goals.cy.ts(33,9): error TS2304: Cannot find name 'cy'.
cypress/e2e/goals.cy.ts(35,9): error TS2304: Cannot find name 'cy'.
cypress/e2e/goals.cy.ts(38,9): error TS2304: Cannot find name 'cy'.
cypress/e2e/goals.cy.ts(39,9): error TS2304: Cannot find name 'cy'.
cypress/e2e/goals.cy.ts(42,5): error TS2593: Cannot find name 'it'. Do you need to install type definitions for a test runner? Try `npm i --save-dev @types/jest` or `npm i --save-dev @types/mocha` and then add 'jest' or 'mocha' to the types field in your tsconfig.
cypress/e2e/goals.cy.ts(45,9): error TS2304: Cannot find name 'cy'.
cypress/e2e/goals.cy.ts(48,9): error TS2304: Cannot find name 'cy'.
cypress/e2e/goals.cy.ts(52,9): error TS2304: Cannot find name 'cy'.
cypress/e2e/goals.cy.ts(55,9): error TS2304: Cannot find name 'cy'.
cypress/e2e/goals.cy.ts(57,9): error TS2304: Cannot find name 'cy'.
cypress/e2e/goals.cy.ts(60,9): error TS2304: Cannot find name 'cy'.
cypress/e2e/goals.cy.ts(63,5): error TS2593: Cannot find name 'it'. Do you need to install type definitions for a test runner? Try `npm i --save-dev @types/jest` or `npm i --save-dev @types/mocha` and then add 'jest' or 'mocha' to the types field in your tsconfig.
cypress/e2e/goals.cy.ts(65,9): error TS2304: Cannot find name 'cy'.
cypress/e2e/goals.cy.ts(70,9): error TS2304: Cannot find name 'cy'.
cypress/e2e/goals.cy.ts(73,9): error TS2304: Cannot find name 'cy'.
cypress/e2e/goals.cy.ts(75,9): error TS2304: Cannot find name 'cy'.
cypress/e2e/login.cy.ts(1,1): error TS2593: Cannot find name 'describe'. Do you need to install type definitions for a test runner? Try `npm i --save-dev @types/jest` or `npm i --save-dev @types/mocha` and then add 'jest' or 'mocha' to the types field in your tsconfig.
cypress/e2e/login.cy.ts(2,5): error TS2304: Cannot find name 'beforeEach'.
cypress/e2e/login.cy.ts(4,9): error TS2304: Cannot find name 'cy'.
cypress/e2e/login.cy.ts(7,5): error TS2593: Cannot find name 'it'. Do you need to install type definitions for a test runner? Try `npm i --save-dev @types/jest` or `npm i --save-dev @types/mocha` and then add 'jest' or 'mocha' to the types field in your tsconfig.
cypress/e2e/login.cy.ts(8,9): error TS2304: Cannot find name 'cy'.
cypress/e2e/login.cy.ts(9,9): error TS2304: Cannot find name 'cy'.
cypress/e2e/login.cy.ts(10,9): error TS2304: Cannot find name 'cy'.
cypress/e2e/login.cy.ts(13,5): error TS2593: Cannot find name 'it'. Do you need to install type definitions for a test runner? Try `npm i --save-dev @types/jest` or `npm i --save-dev @types/mocha` and then add 'jest' or 'mocha' to the types field in your tsconfig.
cypress/e2e/login.cy.ts(18,9): error TS2304: Cannot find name 'cy'.
cypress/e2e/login.cy.ts(21,9): error TS2304: Cannot find name 'cy'.
cypress/e2e/login.cy.ts(24,9): error TS2304: Cannot find name 'cy'.
cypress/e2e/login.cy.ts(25,9): error TS2304: Cannot find name 'cy'.
cypress/e2e/login.cy.ts(28,5): error TS2593: Cannot find name 'it'. Do you need to install type definitions for a test runner? Try `npm i --save-dev @types/jest` or `npm i --save-dev @types/mocha` and then add 'jest' or 'mocha' to the types field in your tsconfig.
cypress/e2e/login.cy.ts(35,9): error TS2304: Cannot find name 'cy'.
cypress/e2e/login.cy.ts(40,9): error TS2304: Cannot find name 'cy'.
cypress/e2e/login.cy.ts(43,9): error TS2304: Cannot find name 'cy'.
cypress/e2e/login.cy.ts(46,9): error TS2304: Cannot find name 'cy'.
cypress/e2e/login.cy.ts(51,9): error TS2304: Cannot find name 'cy'.
cypress/e2e/login.cy.ts(52,9): error TS2304: Cannot find name 'cy'.
cypress/e2e/login.cy.ts(55,5): error TS2593: Cannot find name 'it'. Do you need to install type definitions for a test runner? Try `npm i --save-dev @types/jest` or `npm i --save-dev @types/mocha` and then add 'jest' or 'mocha' to the types field in your tsconfig.
cypress/e2e/login.cy.ts(56,9): error TS2304: Cannot find name 'cy'.
cypress/e2e/login.cy.ts(57,9): error TS2304: Cannot find name 'cy'.
cypress/e2e/login.cy.ts(61,9): error TS2304: Cannot find name 'cy'.
cypress/e2e/login.cy.ts(64,9): error TS2304: Cannot find name 'cy'.
cypress/e2e/Profile.cy.ts(1,1): error TS2593: Cannot find name 'describe'. Do you need to install type definitions for a test runner? Try `npm i --save-dev @types/jest` or `npm i --save-dev @types/mocha` and then add 'jest' or 'mocha' to the types field in your tsconfig.
cypress/e2e/Profile.cy.ts(2,5): error TS2304: Cannot find name 'beforeEach'.
cypress/e2e/Profile.cy.ts(3,9): error TS2304: Cannot find name 'cy'.
cypress/e2e/Profile.cy.ts(6,5): error TS2593: Cannot find name 'it'. Do you need to install type definitions for a test runner? Try `npm i --save-dev @types/jest` or `npm i --save-dev @types/mocha` and then add 'jest' or 'mocha' to the types field in your tsconfig.
cypress/e2e/Profile.cy.ts(7,9): error TS2304: Cannot find name 'cy'.
cypress/e2e/Profile.cy.ts(8,9): error TS2304: Cannot find name 'cy'.
cypress/e2e/Profile.cy.ts(11,5): error TS2593: Cannot find name 'it'. Do you need to install type definitions for a test runner? Try `npm i --save-dev @types/jest` or `npm i --save-dev @types/mocha` and then add 'jest' or 'mocha' to the types field in your tsconfig.
cypress/e2e/Profile.cy.ts(12,9): error TS2304: Cannot find name 'cy'.
cypress/e2e/Profile.cy.ts(13,9): error TS2304: Cannot find name 'cy'.
cypress/e2e/Profile.cy.ts(14,9): error TS2304: Cannot find name 'cy'.
cypress/e2e/Profile.cy.ts(15,9): error TS2304: Cannot find name 'cy'.
cypress/e2e/Profile.cy.ts(18,5): error TS2593: Cannot find name 'it'. Do you need to install type definitions for a test runner? Try `npm i --save-dev @types/jest` or `npm i --save-dev @types/mocha` and then add 'jest' or 'mocha' to the types field in your tsconfig.
cypress/e2e/Profile.cy.ts(19,9): error TS2304: Cannot find name 'cy'.
cypress/e2e/Profile.cy.ts(20,9): error TS2304: Cannot find name 'cy'.
cypress/e2e/Profile.cy.ts(21,9): error TS2304: Cannot find name 'cy'.
cypress/e2e/Profile.cy.ts(22,9): error TS2304: Cannot find name 'cy'.
cypress/e2e/Profile.cy.ts(25,5): error TS2593: Cannot find name 'it'. Do you need to install type definitions for a test runner? Try `npm i --save-dev @types/jest` or `npm i --save-dev @types/mocha` and then add 'jest' or 'mocha' to the types field in your tsconfig.
cypress/e2e/Profile.cy.ts(26,9): error TS2304: Cannot find name 'cy'.
cypress/e2e/Profile.cy.ts(27,9): error TS2304: Cannot find name 'cy'.
cypress/e2e/Profile.cy.ts(28,9): error TS2304: Cannot find name 'cy'.
cypress/e2e/Profile.cy.ts(29,9): error TS2304: Cannot find name 'cy'.
cypress/e2e/Profile.cy.ts(32,5): error TS2593: Cannot find name 'it'. Do you need to install type definitions for a test runner? Try `npm i --save-dev @types/jest` or `npm i --save-dev @types/mocha` and then add 'jest' or 'mocha' to the types field in your tsconfig.
cypress/e2e/Profile.cy.ts(33,9): error TS2304: Cannot find name 'cy'.
cypress/e2e/Profile.cy.ts(35,9): error TS2304: Cannot find name 'cy'.
cypress/e2e/Profile.cy.ts(36,9): error TS2304: Cannot find name 'cy'.
cypress/e2e/Profile.cy.ts(38,9): error TS2304: Cannot find name 'cy'.
cypress/e2e/reviews.cy.ts(1,1): error TS2593: Cannot find name 'describe'. Do you need to install type definitions for a test runner? Try `npm i --save-dev @types/jest` or `npm i --save-dev @types/mocha` and then add 'jest' or 'mocha' to the types field in your tsconfig.
cypress/e2e/reviews.cy.ts(2,5): error TS2304: Cannot find name 'beforeEach'.
cypress/e2e/reviews.cy.ts(4,9): error TS2304: Cannot find name 'cy'.
cypress/e2e/reviews.cy.ts(7,9): error TS2304: Cannot find name 'cy'.
cypress/e2e/reviews.cy.ts(8,9): error TS2304: Cannot find name 'cy'.
cypress/e2e/reviews.cy.ts(9,9): error TS2304: Cannot find name 'cy'.
cypress/e2e/reviews.cy.ts(12,9): error TS2304: Cannot find name 'cy'.
cypress/e2e/reviews.cy.ts(13,9): error TS2304: Cannot find name 'cy'.
cypress/e2e/reviews.cy.ts(16,5): error TS2593: Cannot find name 'it'. Do you need to install type definitions for a test runner? Try `npm i --save-dev @types/jest` or `npm i --save-dev @types/mocha` and then add 'jest' or 'mocha' to the types field in your tsconfig.
cypress/e2e/reviews.cy.ts(17,9): error TS2304: Cannot find name 'cy'.
cypress/e2e/reviews.cy.ts(18,9): error TS2304: Cannot find name 'cy'.
cypress/e2e/reviews.cy.ts(19,9): error TS2304: Cannot find name 'cy'.
cypress/e2e/reviews.cy.ts(22,5): error TS2593: Cannot find name 'it'. Do you need to install type definitions for a test runner? Try `npm i --save-dev @types/jest` or `npm i --save-dev @types/mocha` and then add 'jest' or 'mocha' to the types field in your tsconfig.
cypress/e2e/reviews.cy.ts(24,9): error TS2304: Cannot find name 'cy'.
cypress/e2e/reviews.cy.ts(25,9): error TS2304: Cannot find name 'cy'.
cypress/e2e/reviews.cy.ts(28,9): error TS2304: Cannot find name 'cy'.
cypress/e2e/reviews.cy.ts(29,9): error TS2304: Cannot find name 'cy'.
cypress/e2e/reviews.cy.ts(35,9): error TS2304: Cannot find name 'cy'.
cypress/e2e/reviews.cy.ts(36,9): error TS2304: Cannot find name 'cy'.
cypress/e2e/reviews.cy.ts(39,9): error TS2304: Cannot find name 'cy'.
cypress/e2e/reviews.cy.ts(40,9): error TS2304: Cannot find name 'cy'.
cypress/e2e/reviews.cy.ts(43,9): error TS2304: Cannot find name 'cy'.
cypress/e2e/reviews.cy.ts(46,9): error TS2304: Cannot find name 'cy'.
cypress/e2e/reviews.cy.ts(47,9): error TS2304: Cannot find name 'cy'.
cypress/e2e/reviews.cy.ts(49,9): error TS2304: Cannot find name 'cy'.
cypress/e2e/reviews.cy.ts(52,5): error TS2593: Cannot find name 'it'. Do you need to install type definitions for a test runner? Try `npm i --save-dev @types/jest` or `npm i --save-dev @types/mocha` and then add 'jest' or 'mocha' to the types field in your tsconfig.
cypress/e2e/reviews.cy.ts(58,9): error TS2304: Cannot find name 'cy'.
cypress/e2e/reviews.cy.ts(61,9): error TS2304: Cannot find name 'cy'.
cypress/e2e/reviews.cy.ts(62,9): error TS2304: Cannot find name 'cy'.
cypress/e2e/reviews.cy.ts(64,9): error TS2304: Cannot find name 'cy'.
cypress/e2e/Settings.cy.ts(1,1): error TS2593: Cannot find name 'describe'. Do you need to install type definitions for a test runner? Try `npm i --save-dev @types/jest` or `npm i --save-dev @types/mocha` and then add 'jest' or 'mocha' to the types field in your tsconfig.
cypress/e2e/Settings.cy.ts(2,5): error TS2304: Cannot find name 'beforeEach'.
cypress/e2e/Settings.cy.ts(5,9): error TS2304: Cannot find name 'cy'.
cypress/e2e/Settings.cy.ts(8,5): error TS2593: Cannot find name 'it'. Do you need to install type definitions for a test runner? Try `npm i --save-dev @types/jest` or `npm i --save-dev @types/mocha` and then add 'jest' or 'mocha' to the types field in your tsconfig.
cypress/e2e/Settings.cy.ts(9,9): error TS2304: Cannot find name 'cy'.
cypress/e2e/Settings.cy.ts(10,9): error TS2304: Cannot find name 'cy'.
cypress/e2e/Settings.cy.ts(13,5): error TS2593: Cannot find name 'it'. Do you need to install type definitions for a test runner? Try `npm i --save-dev @types/jest` or `npm i --save-dev @types/mocha` and then add 'jest' or 'mocha' to the types field in your tsconfig.
cypress/e2e/Settings.cy.ts(14,9): error TS2304: Cannot find name 'cy'.
cypress/e2e/Settings.cy.ts(15,9): error TS2304: Cannot find name 'cy'.
cypress/e2e/Settings.cy.ts(16,9): error TS2304: Cannot find name 'cy'.
cypress/e2e/Settings.cy.ts(17,9): error TS2304: Cannot find name 'cy'.
cypress/e2e/Settings.cy.ts(18,9): error TS2304: Cannot find name 'cy'.
cypress/e2e/Settings.cy.ts(21,5): error TS2593: Cannot find name 'it'. Do you need to install type definitions for a test runner? Try `npm i --save-dev @types/jest` or `npm i --save-dev @types/mocha` and then add 'jest' or 'mocha' to the types field in your tsconfig.
cypress/e2e/Settings.cy.ts(22,9): error TS2304: Cannot find name 'cy'.
cypress/e2e/Settings.cy.ts(23,9): error TS2304: Cannot find name 'cy'.
cypress/e2e/Settings.cy.ts(24,9): error TS2304: Cannot find name 'cy'.
cypress/e2e/Settings.cy.ts(27,5): error TS2593: Cannot find name 'it'. Do you need to install type definitions for a test runner? Try `npm i --save-dev @types/jest` or `npm i --save-dev @types/mocha` and then add 'jest' or 'mocha' to the types field in your tsconfig.
cypress/e2e/Settings.cy.ts(28,22): error TS2304: Cannot find name 'cy'.
cypress/e2e/Settings.cy.ts(29,9): error TS2304: Cannot find name 'cy'.
cypress/e2e/Settings.cy.ts(30,9): error TS2304: Cannot find name 'cy'.
cypress/e2e/Settings.cy.ts(31,13): error TS2304: Cannot find name 'expect'.
cypress/e2e/Settings.cy.ts(35,5): error TS2593: Cannot find name 'it'. Do you need to install type definitions for a test runner? Try `npm i --save-dev @types/jest` or `npm i --save-dev @types/mocha` and then add 'jest' or 'mocha' to the types field in your tsconfig.
cypress/e2e/Settings.cy.ts(36,9): error TS2304: Cannot find name 'cy'.
cypress/e2e/Settings.cy.ts(37,9): error TS2304: Cannot find name 'cy'.
cypress/e2e/Settings.cy.ts(38,9): error TS2304: Cannot find name 'cy'.
cypress/e2e/Settings.cy.ts(41,5): error TS2593: Cannot find name 'it'. Do you need to install type definitions for a test runner? Try `npm i --save-dev @types/jest` or `npm i --save-dev @types/mocha` and then add 'jest' or 'mocha' to the types field in your tsconfig.
cypress/e2e/Settings.cy.ts(42,9): error TS2304: Cannot find name 'cy'.
cypress/e2e/Settings.cy.ts(43,9): error TS2304: Cannot find name 'cy'.
cypress/e2e/Settings.cy.ts(46,5): error TS2593: Cannot find name 'it'. Do you need to install type definitions for a test runner? Try `npm i --save-dev @types/jest` or `npm i --save-dev @types/mocha` and then add 'jest' or 'mocha' to the types field in your tsconfig.
cypress/e2e/Settings.cy.ts(47,9): error TS2304: Cannot find name 'cy'.
cypress/e2e/Settings.cy.ts(48,9): error TS2304: Cannot find name 'cy'.
cypress/e2e/Settings.cy.ts(49,9): error TS2304: Cannot find name 'cy'.
cypress/e2e/Settings.cy.ts(50,9): error TS2304: Cannot find name 'cy'.
cypress/e2e/Settings.cy.ts(51,9): error TS2304: Cannot find name 'cy'.
cypress/e2e/Wellness.cy.ts(1,1): error TS2593: Cannot find name 'describe'. Do you need to install type definitions for a test runner? Try `npm i --save-dev @types/jest` or `npm i --save-dev @types/mocha` and then add 'jest' or 'mocha' to the types field in your tsconfig.
cypress/e2e/Wellness.cy.ts(2,5): error TS2304: Cannot find name 'beforeEach'.
cypress/e2e/Wellness.cy.ts(3,9): error TS2304: Cannot find name 'cy'.
cypress/e2e/Wellness.cy.ts(6,5): error TS2593: Cannot find name 'it'. Do you need to install type definitions for a test runner? Try `npm i --save-dev @types/jest` or `npm i --save-dev @types/mocha` and then add 'jest' or 'mocha' to the types field in your tsconfig.
cypress/e2e/Wellness.cy.ts(7,22): error TS2304: Cannot find name 'cy'.
cypress/e2e/Wellness.cy.ts(8,9): error TS2304: Cannot find name 'cy'.
cypress/e2e/Wellness.cy.ts(9,9): error TS2304: Cannot find name 'cy'.
cypress/e2e/Wellness.cy.ts(10,13): error TS2304: Cannot find name 'expect'.
cypress/e2e/Wellness.cy.ts(14,5): error TS2593: Cannot find name 'it'. Do you need to install type definitions for a test runner? Try `npm i --save-dev @types/jest` or `npm i --save-dev @types/mocha` and then add 'jest' or 'mocha' to the types field in your tsconfig.
cypress/e2e/Wellness.cy.ts(15,9): error TS2304: Cannot find name 'cy'.
cypress/e2e/Wellness.cy.ts(16,9): error TS2304: Cannot find name 'cy'.
cypress/e2e/Wellness.cy.ts(19,5): error TS2593: Cannot find name 'it'. Do you need to install type definitions for a test runner? Try `npm i --save-dev @types/jest` or `npm i --save-dev @types/mocha` and then add 'jest' or 'mocha' to the types field in your tsconfig.
cypress/e2e/Wellness.cy.ts(20,9): error TS2304: Cannot find name 'cy'.
cypress/e2e/Wellness.cy.ts(21,9): error TS2304: Cannot find name 'cy'.
cypress/e2e/Wellness.cy.ts(24,5): error TS2593: Cannot find name 'it'. Do you need to install type definitions for a test runner? Try `npm i --save-dev @types/jest` or `npm i --save-dev @types/mocha` and then add 'jest' or 'mocha' to the types field in your tsconfig.
cypress/e2e/Wellness.cy.ts(25,22): error TS2304: Cannot find name 'cy'.
cypress/e2e/Wellness.cy.ts(26,9): error TS2304: Cannot find name 'cy'.
cypress/e2e/Wellness.cy.ts(27,9): error TS2304: Cannot find name 'cy'.
cypress/e2e/Wellness.cy.ts(28,13): error TS2304: Cannot find name 'expect'.
cypress/e2e/Wellness.cy.ts(32,5): error TS2593: Cannot find name 'it'. Do you need to install type definitions for a test runner? Try `npm i --save-dev @types/jest` or `npm i --save-dev @types/mocha` and then add 'jest' or 'mocha' to the types field in your tsconfig.
cypress/e2e/Wellness.cy.ts(33,9): error TS2304: Cannot find name 'cy'.
cypress/e2e/Wellness.cy.ts(34,9): error TS2304: Cannot find name 'cy'.
cypress/e2e/Wellness.cy.ts(35,9): error TS2304: Cannot find name 'cy'.
cypress/e2e/Wellness.cy.ts(38,5): error TS2593: Cannot find name 'it'. Do you need to install type definitions for a test runner? Try `npm i --save-dev @types/jest` or `npm i --save-dev @types/mocha` and then add 'jest' or 'mocha' to the types field in your tsconfig.
cypress/e2e/Wellness.cy.ts(39,9): error TS2304: Cannot find name 'cy'.
cypress/e2e/Wellness.cy.ts(40,9): error TS2304: Cannot find name 'cy'.
cypress/e2e/Wellness.cy.ts(43,5): error TS2593: Cannot find name 'it'. Do you need to install type definitions for a test runner? Try `npm i --save-dev @types/jest` or `npm i --save-dev @types/mocha` and then add 'jest' or 'mocha' to the types field in your tsconfig.
cypress/e2e/Wellness.cy.ts(44,9): error TS2304: Cannot find name 'cy'.
cypress/e2e/Wellness.cy.ts(44,27): error TS7006: Parameter 'win' implicitly has an 'any' type.
cypress/e2e/Wellness.cy.ts(45,13): error TS2304: Cannot find name 'cy'.
cypress/e2e/Wellness.cy.ts(47,9): error TS2304: Cannot find name 'cy'.
services/userService.ts(1,22): error TS2307: Cannot find module '../types' or its corresponding type declarations.
services/userService.ts(2,28): error TS2307: Cannot find module '../constants' or its corresponding type declarations.
src/App.tsx(1,27): error TS6133: 'useCallback' is declared but its value is never read.
src/App.tsx(3,42): error TS6133: 'User' is declared but its value is never read.
src/App.tsx(16,10): error TS2395: Individual declarations in merged declaration 'IndustryContext' must be all exported or all local.
src/App.tsx(16,10): error TS2440: Import declaration conflicts with local declaration of 'IndustryContext'.
src/App.tsx(22,14): error TS2395: Individual declarations in merged declaration 'IndustryContext' must be all exported or all local.
src/components/Analytics.tsx(16,48): error TS6133: 'user' is declared but its value is never read.
src/components/Analytics.tsx(17,9): error TS6133: 'config' is declared but its value is never read.
src/components/Analytics.tsx(112,93): error TS2345: Argument of type '"up" | "down" | "stable" | undefined' is not assignable to parameter of type '"up" | "down" | "stable"'.
  Type 'undefined' is not assignable to type '"up" | "down" | "stable"'.
src/components/Analytics.tsx(113,31): error TS2345: Argument of type '"up" | "down" | "stable" | undefined' is not assignable to parameter of type '"up" | "down" | "stable"'.
  Type 'undefined' is not assignable to type '"up" | "down" | "stable"'.
src/components/Analytics.tsx(114,27): error TS2345: Argument of type 'number | undefined' is not assignable to parameter of type 'number'.
  Type 'undefined' is not assignable to type 'number'.
src/components/Analytics.tsx(271,71): error TS2345: Argument of type '"up" | "down" | "stable" | undefined' is not assignable to parameter of type '"up" | "down" | "stable"'.
  Type 'undefined' is not assignable to type '"up" | "down" | "stable"'.
src/components/Analytics.tsx(272,33): error TS2345: Argument of type '"up" | "down" | "stable" | undefined' is not assignable to parameter of type '"up" | "down" | "stable"'.
  Type 'undefined' is not assignable to type '"up" | "down" | "stable"'.
src/components/Analytics.tsx(272,58): error TS2345: Argument of type 'number | undefined' is not assignable to parameter of type 'number'.
  Type 'undefined' is not assignable to type 'number'.
src/components/AppRoutes.tsx(60,73): error TS2322: Type '{ user: User; setActiveView: (view: View) => void; }' is not assignable to type 'IntrinsicAttributes & OrgChartProps'.
  Property 'setActiveView' does not exist on type 'IntrinsicAttributes & OrgChartProps'.
src/components/AppRoutes.tsx(61,71): error TS2322: Type '{ user: User; setActiveView: (view: View) => void; }' is not assignable to type 'IntrinsicAttributes & TimeOffProps'.
  Property 'setActiveView' does not exist on type 'IntrinsicAttributes & TimeOffProps'.
src/components/AppRoutes.tsx(62,72): error TS2322: Type '{ user: User; setActiveView: (view: View) => void; }' is not assignable to type 'IntrinsicAttributes & BenefitsProps'.
  Property 'setActiveView' does not exist on type 'IntrinsicAttributes & BenefitsProps'.
src/components/AppRoutes.tsx(63,70): error TS2322: Type '{ user: User; setActiveView: (view: View) => void; }' is not assignable to type 'IntrinsicAttributes & SurveysProps'.
  Property 'setActiveView' does not exist on type 'IntrinsicAttributes & SurveysProps'.
src/components/AppRoutes.tsx(64,69): error TS2322: Type '{ user: User; setActiveView: (view: View) => void; }' is not assignable to type 'IntrinsicAttributes & AIAssistantProps'.
  Property 'setActiveView' does not exist on type 'IntrinsicAttributes & AIAssistantProps'.
src/components/AppRoutes.tsx(66,83): error TS2322: Type '{ user: User; setActiveView: (view: View) => void; }' is not assignable to type 'IntrinsicAttributes & DocumentManagementProps'.
  Property 'setActiveView' does not exist on type 'IntrinsicAttributes & DocumentManagementProps'.
src/components/AppRoutes.tsx(69,47): error TS2322: Type '{ user: User; setActiveView: (view: View) => void; }' is not assignable to type 'IntrinsicAttributes & AuditLogProps'.
  Property 'setActiveView' does not exist on type 'IntrinsicAttributes & AuditLogProps'.
src/components/AppRoutes.tsx(76,67): error TS2322: Type '{ user: User; onLogout: () => void; setActiveView: (view: View) => void; }' is not assignable to type 'IntrinsicAttributes & SettingsProps'.
  Property 'setActiveView' does not exist on type 'IntrinsicAttributes & SettingsProps'.
src/components/AppRoutes.tsx(79,78): error TS2322: Type '{ user: User; setActiveView: (view: View) => void; }' is not assignable to type 'IntrinsicAttributes & OffboardingProps'.
  Property 'setActiveView' does not exist on type 'IntrinsicAttributes & OffboardingProps'.
src/components/AuditLog.tsx(15,9): error TS6133: 'config' is declared but its value is never read.
src/components/Benefits.tsx(13,44): error TS6133: 'user' is declared but its value is never read.
src/components/Benefits.tsx(14,9): error TS6133: 'config' is declared but its value is never read.
src/components/Benefits.tsx(16,10): error TS6133: 'selectedBenefit' is declared but its value is never read.
src/components/ClinicalScribe.tsx(6,10): error TS2305: Module '"./ui/icons/Icon"' has no exported member 'MicrophoneIcon'.
src/components/ClinicalScribe.tsx(38,56): error TS6133: 'user' is declared but its value is never read.
src/components/ClinicalScribe.tsx(89,35): error TS2345: Argument of type 'string | undefined' is not assignable to parameter of type 'SetStateAction<string>'.
  Type 'undefined' is not assignable to type 'SetStateAction<string>'.
src/components/Credentialing.tsx(146,63): error TS6133: 'user' is declared but its value is never read.
src/components/Credentialing.tsx(307,44): error TS2769: No overload matches this call.
  Overload 1 of 4, '(value: string | number | Date): Date', gave the following error.
    Argument of type 'string | undefined' is not assignable to parameter of type 'string | number | Date'.
      Type 'undefined' is not assignable to type 'string | number | Date'.
  Overload 2 of 4, '(value: string | number): Date', gave the following error.
    Argument of type 'string | undefined' is not assignable to parameter of type 'string | number'.
      Type 'undefined' is not assignable to type 'string | number'.
src/components/Credentialing.tsx(307,79): error TS2769: No overload matches this call.
  Overload 1 of 4, '(value: string | number | Date): Date', gave the following error.
    Argument of type 'string | undefined' is not assignable to parameter of type 'string | number | Date'.
      Type 'undefined' is not assignable to type 'string | number | Date'.
  Overload 2 of 4, '(value: string | number): Date', gave the following error.
    Argument of type 'string | undefined' is not assignable to parameter of type 'string | number'.
      Type 'undefined' is not assignable to type 'string | number'.
src/components/Credentialing.tsx(309,57): error TS2345: Argument of type 'string | undefined' is not assignable to parameter of type 'string'.
  Type 'undefined' is not assignable to type 'string'.
src/components/Credentialing.tsx(325,57): error TS2345: Argument of type 'string | undefined' is not assignable to parameter of type 'string'.
  Type 'undefined' is not assignable to type 'string'.
src/components/Credentialing.tsx(330,43): error TS2322: Type '"primary" | "outline"' is not assignable to type '"success" | "primary" | "secondary" | "danger" | "ghost" | undefined'.
  Type '"outline"' is not assignable to type '"success" | "primary" | "secondary" | "danger" | "ghost" | undefined'.
src/components/Credentialing.tsx(351,25): error TS2322: Type '"outline"' is not assignable to type '"success" | "primary" | "secondary" | "danger" | "ghost" | undefined'.
src/components/Credentialing.tsx(355,25): error TS2322: Type '"outline"' is not assignable to type '"success" | "primary" | "secondary" | "danger" | "ghost" | undefined'.
src/components/Credentialing.tsx(359,25): error TS2322: Type '"outline"' is not assignable to type '"success" | "primary" | "secondary" | "danger" | "ghost" | undefined'.
src/components/Credentialing.tsx(363,25): error TS2322: Type '"outline"' is not assignable to type '"success" | "primary" | "secondary" | "danger" | "ghost" | undefined'.
src/components/Credentialing.tsx(450,35): error TS2345: Argument of type 'string | undefined' is not assignable to parameter of type 'string'.
  Type 'undefined' is not assignable to type 'string'.
src/components/Credentialing.tsx(588,31): error TS2345: Argument of type 'string | undefined' is not assignable to parameter of type 'string'.
  Type 'undefined' is not assignable to type 'string'.
src/components/Credentialing.tsx(602,23): error TS2322: Type '"outline"' is not assignable to type '"success" | "primary" | "secondary" | "danger" | "ghost" | undefined'.
src/components/Credentialing.tsx(606,23): error TS2322: Type '"outline"' is not assignable to type '"success" | "primary" | "secondary" | "danger" | "ghost" | undefined'.
src/components/Credentialing.tsx(667,41): error TS2322: Type '"outline"' is not assignable to type '"success" | "primary" | "secondary" | "danger" | "ghost" | undefined'.
src/components/Credentialing.tsx(697,47): error TS2345: Argument of type 'string | undefined' is not assignable to parameter of type 'string'.
  Type 'undefined' is not assignable to type 'string'.
src/components/Credentialing.tsx(698,47): error TS2345: Argument of type 'string | undefined' is not assignable to parameter of type 'string'.
  Type 'undefined' is not assignable to type 'string'.
src/components/Directory.tsx(17,48): error TS6133: 'user' is declared but its value is never read.
src/components/DocumentManagement.tsx(223,9): error TS6133: 'config' is declared but its value is never read.
src/components/DocumentManagement.tsx(326,9): error TS6133: 'recentDocs' is declared but its value is never read.
src/components/DocumentManagement.tsx(375,31): error TS2322: Type '"outline"' is not assignable to type '"success" | "primary" | "secondary" | "danger" | "ghost" | undefined'.
src/components/DocumentManagement.tsx(674,23): error TS2322: Type '"outline"' is not assignable to type '"success" | "primary" | "secondary" | "danger" | "ghost" | undefined'.
src/components/DocumentManagement.tsx(693,21): error TS2322: Type '"outline"' is not assignable to type '"success" | "primary" | "secondary" | "danger" | "ghost" | undefined'.
src/components/DocumentManagement.tsx(732,21): error TS2322: Type '"outline"' is not assignable to type '"success" | "primary" | "secondary" | "danger" | "ghost" | undefined'.
src/components/ErrorBoundary.tsx(1,8): error TS6133: 'React' is declared but its value is never read.
src/components/Goals.tsx(5,1): error TS6133: 'Card' is declared but its value is never read.
src/components/Goals.tsx(9,10): error TS2305: Module '"../services/goalService"' has no exported member 'GoalService'.
src/components/Goals.tsx(110,9): error TS6133: 'config' is declared but its value is never read.
src/components/Goals.tsx(112,10): error TS6133: 'isLoading' is declared but its value is never read.
src/components/Goals.tsx(134,15): error TS6133: 'myGoals' is declared but its value is never read.
src/components/Goals.tsx(135,15): error TS6133: 'teamGoals' is declared but its value is never read.
src/components/Header.tsx(17,9): error TS6133: 'config' is declared but its value is never read.
src/components/Learning.tsx(2,16): error TS6133: 'TrainingModule' is declared but its value is never read.
src/components/Learning.tsx(2,32): error TS6133: 'LearningResource' is declared but its value is never read.
src/components/Learning.tsx(7,1): error TS6133: 'ProgressBar' is declared but its value is never read.
src/components/Learning.tsx(62,46): error TS6133: 'user' is declared but its value is never read.
src/components/Learning.tsx(63,9): error TS6133: 'config' is declared but its value is never read.
src/components/Login.tsx(2,16): error TS6133: 'Industry' is declared but its value is never read.
src/components/Login.tsx(38,9): error TS6133: 'selectedUser' is declared but its value is never read.
src/components/MyJourney.tsx(286,75): error TS2322: Type '((view: View) => void) | undefined' is not assignable to type '(view: View) => void'.
  Type 'undefined' is not assignable to type '(view: View) => void'.
src/components/MyJourney.tsx(372,53): error TS6133: 'index' is declared but its value is never read.
src/components/MyJourney.tsx(426,46): error TS6133: 'index' is declared but its value is never read.
src/components/MyJourney.tsx(490,25): error TS2322: Type '"outline"' is not assignable to type '"success" | "primary" | "secondary" | "danger" | "ghost" | undefined'.
src/components/MyJourney.tsx(618,23): error TS2322: Type '"outline"' is not assignable to type '"success" | "primary" | "secondary" | "danger" | "ghost" | undefined'.
src/components/Notifications.tsx(144,56): error TS6133: 'user' is declared but its value is never read.
src/components/Notifications.tsx(145,9): error TS6133: 'config' is declared but its value is never read.
src/components/Nova/NovaAssistant.tsx(2,19): error TS6133: 'NovaTip' is declared but its value is never read.
src/components/Nova/NovaContext.tsx(36,71): error TS6133: 'userName' is declared but its value is never read.
src/components/Nova/NovaContext.tsx(43,12): error TS6133: 'clickCount' is declared but its value is never read.
src/components/Nova/NovaContext.tsx(68,71): error TS6133: 'elementId' is declared but its value is never read.
src/components/Nova/NovaContext.tsx(152,15): error TS7030: Not all code paths return a value.
src/components/Offboarding.tsx(139,50): error TS6133: 'user' is declared but its value is never read.
src/components/Offboarding.tsx(140,9): error TS6133: 'config' is declared but its value is never read.
src/components/Onboarding.tsx(10,1): error TS6133: 'EmptyState' is declared but its value is never read.
src/components/OrgChart.tsx(69,44): error TS6133: 'user' is declared but its value is never read.
src/components/OrgChart.tsx(70,9): error TS6133: 'config' is declared but its value is never read.
src/components/Profile.test.tsx(4,16): error TS6133: 'EmployeeSkill' is declared but its value is never read.
src/components/Profile.test.tsx(4,31): error TS2305: Module '"../types"' has no exported member 'EmployeeCredential'.
src/components/Profile.test.tsx(4,31): error TS6133: 'EmployeeCredential' is declared but its value is never read.
src/components/Profile.test.tsx(17,5): error TS2322: Type '"Employee"' is not assignable to type 'UserRole'.
src/components/Settings.test.tsx(20,5): error TS2322: Type '"Employee"' is not assignable to type 'UserRole'.
src/components/Settings.tsx(18,11): error TS6133: 'config' is declared but its value is never read.
src/components/Settings.tsx(18,32): error TS2339: Property 'currentIndustry' does not exist on type '{ industry: Industry; config: IndustryConfig; setIndustry: (industry: Industry) => void; }'.
src/components/SkillMatrix.tsx(18,9): error TS6133: 'config' is declared but its value is never read.
src/components/SkillMatrix.tsx(208,17): error TS2322: Type '"primary" | "outline"' is not assignable to type '"success" | "primary" | "secondary" | "danger" | "ghost" | undefined'.
  Type '"outline"' is not assignable to type '"success" | "primary" | "secondary" | "danger" | "ghost" | undefined'.
src/components/SkillMatrix.tsx(216,17): error TS2322: Type '"primary" | "outline"' is not assignable to type '"success" | "primary" | "secondary" | "danger" | "ghost" | undefined'.
  Type '"outline"' is not assignable to type '"success" | "primary" | "secondary" | "danger" | "ghost" | undefined'.
src/components/SkillMatrix.tsx(499,25): error TS2322: Type '"outline"' is not assignable to type '"success" | "primary" | "secondary" | "danger" | "ghost" | undefined'.
src/components/SkillMatrix.tsx(552,25): error TS2322: Type '"outline"' is not assignable to type '"success" | "primary" | "secondary" | "danger" | "ghost" | undefined'.
src/components/SkillMatrix.tsx(615,23): error TS2322: Type '"outline"' is not assignable to type '"success" | "primary" | "secondary" | "danger" | "ghost" | undefined'.
src/components/Surveys.tsx(15,42): error TS6133: 'user' is declared but its value is never read.
src/components/Surveys.tsx(16,9): error TS6133: 'config' is declared but its value is never read.
src/components/Team.tsx(95,23): error TS6133: 'fromUser' is declared but its value is never read.
src/components/Team.tsx(96,23): error TS6133: 'toUser' is declared but its value is never read.
src/components/TimeOff.tsx(16,9): error TS6133: 'config' is declared but its value is never read.
src/components/ui/EmptyState.tsx(2,1): error TS6133: 'Button' is declared but its value is never read.
src/components/Wellness.test.tsx(5,16): error TS6133: 'WellnessResource' is declared but its value is never read.
src/components/Wellness.test.tsx(22,5): error TS2322: Type '"Employee"' is not assignable to type 'UserRole'.
src/components/Wellness.test.tsx(53,18): error TS2741: Property 'setActiveView' is missing in type '{ user: User; }' but required in type 'WellnessProps'.
src/components/Wellness.tsx(20,9): error TS6133: 'config' is declared but its value is never read.
src/constants.ts(594,3): error TS2741: Property 'category' is missing in type '{ id: string; name: string; type: "health"; provider: string; description: string; enrollmentStatus: "enrolled"; coverageLevel: string; monthlyCost: number; employerContribution: number; }' but required in type 'BenefitPlan'.
src/constants.ts(595,3): error TS2741: Property 'category' is missing in type '{ id: string; name: string; type: "dental"; provider: string; description: string; enrollmentStatus: "enrolled"; coverageLevel: string; monthlyCost: number; employerContribution: number; }' but required in type 'BenefitPlan'.
src/constants.ts(596,3): error TS2741: Property 'category' is missing in type '{ id: string; name: string; type: "vision"; provider: string; description: string; enrollmentStatus: "enrolled"; coverageLevel: string; monthlyCost: number; employerContribution: number; }' but required in type 'BenefitPlan'.
src/constants.ts(597,3): error TS2741: Property 'category' is missing in type '{ id: string; name: string; type: "401k"; provider: string; description: string; enrollmentStatus: "enrolled"; monthlyCost: number; employerContribution: number; }' but required in type 'BenefitPlan'.
src/constants.ts(598,3): error TS2741: Property 'category' is missing in type '{ id: string; name: string; type: "life"; provider: string; description: string; enrollmentStatus: "enrolled"; monthlyCost: number; employerContribution: number; }' but required in type 'BenefitPlan'.
src/context/AuthContext.tsx(3,10): error TS6133: 'IAuthService' is declared but its value is never read.
src/lib/supabase.ts(4,33): error TS2339: Property 'env' does not exist on type 'ImportMeta'.
src/lib/supabase.ts(5,37): error TS2339: Property 'env' does not exist on type 'ImportMeta'.
src/services/auth/types.ts(1,16): error TS6133: 'UserRole' is declared but its value is never read.
src/services/authService.ts(73,69): error TS2769: No overload matches this call.
  Overload 1 of 2, '(values: never, options?: { count?: "exact" | "planned" | "estimated" | undefined; } | undefined): PostgrestFilterBuilder<{ PostgrestVersion: "12"; }, never, never, null, "profiles", never, "POST">', gave the following error.
    Argument of type '{ id: string; email: string; full_name: string; department: string; role: string; }' is not assignable to parameter of type 'never'.
  Overload 2 of 2, '(values: never[], options?: { count?: "exact" | "planned" | "estimated" | undefined; defaultToNull?: boolean | undefined; } | undefined): PostgrestFilterBuilder<{ PostgrestVersion: "12"; }, never, never, null, "profiles", never, "POST">', gave the following error.
    Object literal may only specify known properties, and 'id' does not exist in type 'never[]'.
src/services/authService.ts(155,17): error TS2345: Argument of type '{ updated_at: string; id?: string; email?: string; full_name?: string; role?: "admin" | "manager" | "employee"; department?: string; avatar_url?: string | null; }' is not assignable to parameter of type 'never'.
src/services/goalService.ts(40,17): error TS2769: No overload matches this call.
  Overload 1 of 2, '(values: never, options?: { count?: "exact" | "planned" | "estimated" | undefined; } | undefined): PostgrestFilterBuilder<{ PostgrestVersion: "12"; }, never, never, null, "goals", never, "POST">', gave the following error.
    Argument of type '{ id?: string | undefined; user_id: string; title: string; description?: string | null | undefined; status?: "completed" | "not-started" | "in-progress" | "blocked" | undefined; progress?: number | undefined; due_date?: string | ... 1 more ... | undefined; created_at?: string | undefined; updated_at?: string | undef...' is not assignable to parameter of type 'never'.
  Overload 2 of 2, '(values: never[], options?: { count?: "exact" | "planned" | "estimated" | undefined; defaultToNull?: boolean | undefined; } | undefined): PostgrestFilterBuilder<{ PostgrestVersion: "12"; }, never, never, null, "goals", never, "POST">', gave the following error.
    Argument of type '{ id?: string | undefined; user_id: string; title: string; description?: string | null | undefined; status?: "completed" | "not-started" | "in-progress" | "blocked" | undefined; progress?: number | undefined; due_date?: string | ... 1 more ... | undefined; created_at?: string | undefined; updated_at?: string | undef...' is not assignable to parameter of type 'never[]'.
      Type '{ id?: string | undefined; user_id: string; title: string; description?: string | null | undefined; status?: "completed" | "not-started" | "in-progress" | "blocked" | undefined; progress?: number | undefined; due_date?: string | ... 1 more ... | undefined; created_at?: string | undefined; updated_at?: string | undef...' is missing the following properties from type 'never[]': length, pop, push, concat, and 29 more.
src/services/goalService.ts(61,17): error TS2345: Argument of type '{ updated_at: string; id?: string; user_id?: string; title?: string; description?: string | null; status?: "not-started" | "in-progress" | "completed" | "blocked"; progress?: number; due_date?: string | null; }' is not assignable to parameter of type 'never'.
src/test/ErrorBoundary.test.tsx(3,27): error TS2307: Cannot find module '../../components/ErrorBoundary' or its corresponding type declarations.
src/test/ErrorBoundary.test.tsx(22,28): error TS2304: Cannot find name 'vi'.
