
> zirtually-employee-experience-platform@0.0.0 typecheck
> tsc --noEmit

src/components/Profile.tsx(420,45): error TS2345: Argument of type '(skill: ProfileSkill, index: number) => JSX.Element' is not assignable to parameter of type '(value: { name: string; category: string; isVerified: boolean | undefined; employeeId: string; skillId: string; proficiency: ProficiencyLevel; verified?: boolean | undefined; lastAssessed?: string | undefined; endorsements?: string[] | undefined; } | { ...; }, index: number, array: ({ ...; } | { ...; })[]) => Element'.
  Types of parameters 'skill' and 'value' are incompatible.
    Type '{ name: string; category: string; isVerified: boolean | undefined; employeeId: string; skillId: string; proficiency: ProficiencyLevel; verified?: boolean | undefined; lastAssessed?: string | undefined; endorsements?: string[] | undefined; } | { ...; }' is not assignable to type 'ProfileSkill'.
      Type '{ name: string; category: string; isVerified: boolean | undefined; employeeId: string; skillId: string; proficiency: ProficiencyLevel; verified?: boolean; lastAssessed?: string; endorsements?: string[]; }' is not assignable to type 'ProfileSkill'.
        Types of property 'isVerified' are incompatible.
          Type 'boolean | undefined' is not assignable to type 'boolean'.
            Type 'undefined' is not assignable to type 'boolean'.
src/components/Profile.tsx(427,59): error TS2551: Property 'proficiencyLevel' does not exist on type 'ProfileSkill'. Did you mean 'proficiency'?
src/components/Profile.tsx(434,66): error TS2551: Property 'proficiencyLevel' does not exist on type 'ProfileSkill'. Did you mean 'proficiency'?
src/components/Profile.tsx(472,30): error TS2345: Argument of type '(skill: ProfileSkill) => JSX.Element' is not assignable to parameter of type '(value: { name: string; category: string; isVerified: boolean | undefined; employeeId: string; skillId: string; proficiency: ProficiencyLevel; verified?: boolean | undefined; lastAssessed?: string | undefined; endorsements?: string[] | undefined; } | { ...; }, index: number, array: ({ ...; } | { ...; })[]) => Element'.
  Types of parameters 'skill' and 'value' are incompatible.
    Type '{ name: string; category: string; isVerified: boolean | undefined; employeeId: string; skillId: string; proficiency: ProficiencyLevel; verified?: boolean | undefined; lastAssessed?: string | undefined; endorsements?: string[] | undefined; } | { ...; }' is not assignable to type 'ProfileSkill'.
      Type '{ name: string; category: string; isVerified: boolean | undefined; employeeId: string; skillId: string; proficiency: ProficiencyLevel; verified?: boolean; lastAssessed?: string; endorsements?: string[]; }' is not assignable to type 'ProfileSkill'.
        Types of property 'isVerified' are incompatible.
          Type 'boolean | undefined' is not assignable to type 'boolean'.
            Type 'undefined' is not assignable to type 'boolean'.
src/components/Profile.tsx(486,49): error TS2551: Property 'verified' does not exist on type 'ProfileSkill'. Did you mean 'isVerified'?
src/components/Profile.tsx(490,48): error TS2551: Property 'proficiencyLevel' does not exist on type 'ProfileSkill'. Did you mean 'proficiency'?
src/components/Profile.tsx(495,102): error TS2551: Property 'proficiencyLevel' does not exist on type 'ProfileSkill'. Did you mean 'proficiency'?
src/services/auth/SupabaseAuthService.ts(72,15): error TS2345: Argument of type 'any' is not assignable to parameter of type 'never'.
src/services/goalService.ts(76,17): error TS2345: Argument of type 'any' is not assignable to parameter of type 'never'.
src/services/reviewService.ts(63,17): error TS2345: Argument of type 'any' is not assignable to parameter of type 'never'.
src/services/userService.ts(57,17): error TS2345: Argument of type 'any' is not assignable to parameter of type 'never'.
